<?xml version="1.0" encoding="UTF-8"?>
<!-- Generated by org.testng.reporters.JUnitXMLReporter -->
<testsuite ignored="0" hostname="AMT-Laptop" failures="0" tests="4" name="Surefire test" time="10.849" errors="0" timestamp="2023-09-07T15:51:54 IST">
  <testcase classname="api.test.UserTests" name="testPostUser" time="4.985"/>
  <testcase classname="api.test.UserTests" name="testGetUserByName" time="1.446"/>
  <testcase classname="api.test.UserTests" name="testUpdateUserByName" time="2.551"/>
  <testcase classname="api.test.UserTests" name="testDeleteUserByName" time="1.317"/>
</testsuite> <!-- Surefire test -->
