<?xml version="1.0" encoding="UTF-8"?>
<!-- Generated by org.testng.reporters.JUnitXMLReporter -->
<testsuite ignored="0" hostname="AMT-Laptop" failures="0" tests="4" name="Default test" time="10.342" errors="0" timestamp="2023-09-07T13:08:04 IST">
  <testcase classname="api.test.UserTests" name="testPostUser" time="4.622"/>
  <testcase classname="api.test.UserTests" name="testGetUserByName" time="1.351"/>
  <testcase classname="api.test.UserTests" name="testUpdateUserByName" time="2.55"/>
  <testcase classname="api.test.UserTests" name="testDeleteUserByName" time="1.295"/>
</testsuite> <!-- Default test -->
