<?xml version="1.0" encoding="UTF-8"?>
<testng-results ignored="0" total="4" passed="4" failed="0" skipped="0">
  <reporter-output>
  </reporter-output>
  <suite started-at="2023-09-07T15:51:43 IST" name="Surefire suite" finished-at="2023-09-07T15:51:54 IST" duration-ms="10849">
    <groups>
    </groups>
    <test started-at="2023-09-07T15:51:43 IST" name="Surefire test" finished-at="2023-09-07T15:51:54 IST" duration-ms="10849">
      <class name="api.test.UserTests">
        <test-method is-config="true" signature="setup()[pri:0, instance:api.test.UserTests@63070bab]" started-at="2023-09-07T15:51:43 IST" name="setup" finished-at="2023-09-07T15:51:44 IST" duration-ms="473" status="PASS">
          <reporter-output>
          </reporter-output>
        </test-method> <!-- setup -->
        <test-method signature="testPostUser()[pri:1, instance:api.test.UserTests@63070bab]" started-at="2023-09-07T15:51:44 IST" name="testPostUser" finished-at="2023-09-07T15:51:49 IST" duration-ms="4985" status="PASS">
          <reporter-output>
          </reporter-output>
        </test-method> <!-- testPostUser -->
        <test-method signature="testGetUserByName()[pri:2, instance:api.test.UserTests@63070bab]" started-at="2023-09-07T15:51:49 IST" name="testGetUserByName" finished-at="2023-09-07T15:51:50 IST" duration-ms="1446" status="PASS">
          <reporter-output>
          </reporter-output>
        </test-method> <!-- testGetUserByName -->
        <test-method signature="testUpdateUserByName()[pri:3, instance:api.test.UserTests@63070bab]" started-at="2023-09-07T15:51:50 IST" name="testUpdateUserByName" finished-at="2023-09-07T15:51:53 IST" duration-ms="2551" status="PASS">
          <reporter-output>
          </reporter-output>
        </test-method> <!-- testUpdateUserByName -->
        <test-method signature="testDeleteUserByName()[pri:4, instance:api.test.UserTests@63070bab]" started-at="2023-09-07T15:51:53 IST" name="testDeleteUserByName" finished-at="2023-09-07T15:51:54 IST" duration-ms="1317" status="PASS">
          <reporter-output>
          </reporter-output>
        </test-method> <!-- testDeleteUserByName -->
      </class> <!-- api.test.UserTests -->
    </test> <!-- Surefire test -->
  </suite> <!-- Surefire suite -->
</testng-results>
