<?xml version="1.0" encoding="UTF-8"?>
<testng-results ignored="0" total="4" passed="4" failed="0" skipped="0">
  <reporter-output>
  </reporter-output>
  <suite started-at="2023-09-07T13:07:53 IST" name="Default suite" finished-at="2023-09-07T13:08:04 IST" duration-ms="10342">
    <groups>
    </groups>
    <test started-at="2023-09-07T13:07:53 IST" name="Default test" finished-at="2023-09-07T13:08:04 IST" duration-ms="10342">
      <class name="api.test.UserTests">
        <test-method is-config="true" signature="setup()[pri:0, instance:api.test.UserTests@28f2a10f]" started-at="2023-09-07T13:07:53 IST" name="setup" finished-at="2023-09-07T13:07:54 IST" duration-ms="443" status="PASS">
          <reporter-output>
          </reporter-output>
        </test-method> <!-- setup -->
        <test-method signature="testPostUser()[pri:1, instance:api.test.UserTests@28f2a10f]" started-at="2023-09-07T13:07:54 IST" name="testPostUser" finished-at="2023-09-07T13:07:59 IST" duration-ms="4622" status="PASS">
          <reporter-output>
          </reporter-output>
        </test-method> <!-- testPostUser -->
        <test-method signature="testGetUserByName()[pri:2, instance:api.test.UserTests@28f2a10f]" started-at="2023-09-07T13:07:59 IST" name="testGetUserByName" finished-at="2023-09-07T13:08:00 IST" duration-ms="1351" status="PASS">
          <reporter-output>
          </reporter-output>
        </test-method> <!-- testGetUserByName -->
        <test-method signature="testUpdateUserByName()[pri:3, instance:api.test.UserTests@28f2a10f]" started-at="2023-09-07T13:08:00 IST" name="testUpdateUserByName" finished-at="2023-09-07T13:08:02 IST" duration-ms="2550" status="PASS">
          <reporter-output>
          </reporter-output>
        </test-method> <!-- testUpdateUserByName -->
        <test-method signature="testDeleteUserByName()[pri:4, instance:api.test.UserTests@28f2a10f]" started-at="2023-09-07T13:08:02 IST" name="testDeleteUserByName" finished-at="2023-09-07T13:08:04 IST" duration-ms="1295" status="PASS">
          <reporter-output>
          </reporter-output>
        </test-method> <!-- testDeleteUserByName -->
      </class> <!-- api.test.UserTests -->
    </test> <!-- Default test -->
  </suite> <!-- Default suite -->
</testng-results>
